mode: set
assignerPR/pkg/pullrequest/pull_request_pg_repo.go:25.88,30.2 1 1
assignerPR/pkg/pullrequest/pull_request_pg_repo.go:32.95,36.53 3 1
assignerPR/pkg/pullrequest/pull_request_pg_repo.go:36.53,38.74 2 1
assignerPR/pkg/pullrequest/pull_request_pg_repo.go:38.74,39.97 1 1
assignerPR/pkg/pullrequest/pull_request_pg_repo.go:39.97,42.5 2 1
assignerPR/pkg/pullrequest/pull_request_pg_repo.go:43.4,44.14 2 0
assignerPR/pkg/pullrequest/pull_request_pg_repo.go:47.3,54.45 2 1
assignerPR/pkg/pullrequest/pull_request_pg_repo.go:54.45,55.96 1 1
assignerPR/pkg/pullrequest/pull_request_pg_repo.go:55.96,58.5 2 1
assignerPR/pkg/pullrequest/pull_request_pg_repo.go:59.4,60.14 2 0
assignerPR/pkg/pullrequest/pull_request_pg_repo.go:63.3,64.17 2 1
assignerPR/pkg/pullrequest/pull_request_pg_repo.go:64.17,67.4 2 0
assignerPR/pkg/pullrequest/pull_request_pg_repo.go:69.3,69.25 1 1
assignerPR/pkg/pullrequest/pull_request_pg_repo.go:69.25,70.90 1 1
assignerPR/pkg/pullrequest/pull_request_pg_repo.go:70.90,73.5 2 0
assignerPR/pkg/pullrequest/pull_request_pg_repo.go:76.3,76.70 1 1
assignerPR/pkg/pullrequest/pull_request_pg_repo.go:76.70,78.4 1 1
assignerPR/pkg/pullrequest/pull_request_pg_repo.go:81.2,81.16 1 1
assignerPR/pkg/pullrequest/pull_request_pg_repo.go:81.16,84.3 2 1
assignerPR/pkg/pullrequest/pull_request_pg_repo.go:86.2,87.16 2 1
assignerPR/pkg/pullrequest/pull_request_pg_repo.go:90.120,107.2 5 1
assignerPR/pkg/pullrequest/pull_request_pg_repo.go:109.74,113.53 3 1
assignerPR/pkg/pullrequest/pull_request_pg_repo.go:113.53,114.59 1 1
assignerPR/pkg/pullrequest/pull_request_pg_repo.go:114.59,117.4 2 1
assignerPR/pkg/pullrequest/pull_request_pg_repo.go:119.3,119.32 1 1
assignerPR/pkg/pullrequest/pull_request_pg_repo.go:119.32,122.4 2 1
assignerPR/pkg/pullrequest/pull_request_pg_repo.go:124.3,131.35 5 1
assignerPR/pkg/pullrequest/pull_request_pg_repo.go:131.35,134.4 2 0
assignerPR/pkg/pullrequest/pull_request_pg_repo.go:136.3,137.13 2 1
assignerPR/pkg/pullrequest/pull_request_pg_repo.go:140.2,140.16 1 1
assignerPR/pkg/pullrequest/pull_request_pg_repo.go:140.16,143.3 2 1
assignerPR/pkg/pullrequest/pull_request_pg_repo.go:145.2,146.17 2 1
assignerPR/pkg/pullrequest/pull_request_pg_repo.go:149.96,152.35 2 1
assignerPR/pkg/pullrequest/pull_request_pg_repo.go:152.35,155.3 2 0
assignerPR/pkg/pullrequest/pull_request_pg_repo.go:157.2,160.53 3 1
assignerPR/pkg/pullrequest/pull_request_pg_repo.go:160.53,162.59 2 1
assignerPR/pkg/pullrequest/pull_request_pg_repo.go:162.59,165.4 2 1
assignerPR/pkg/pullrequest/pull_request_pg_repo.go:167.3,167.32 1 1
assignerPR/pkg/pullrequest/pull_request_pg_repo.go:167.32,170.4 2 0
assignerPR/pkg/pullrequest/pull_request_pg_repo.go:172.3,173.10 2 1
assignerPR/pkg/pullrequest/pull_request_pg_repo.go:173.10,176.4 2 0
assignerPR/pkg/pullrequest/pull_request_pg_repo.go:178.3,180.24 3 1
assignerPR/pkg/pullrequest/pull_request_pg_repo.go:180.24,182.4 1 1
assignerPR/pkg/pullrequest/pull_request_pg_repo.go:183.3,183.42 1 1
assignerPR/pkg/pullrequest/pull_request_pg_repo.go:183.42,185.4 1 1
assignerPR/pkg/pullrequest/pull_request_pg_repo.go:186.3,187.30 2 1
assignerPR/pkg/pullrequest/pull_request_pg_repo.go:187.30,189.4 1 1
assignerPR/pkg/pullrequest/pull_request_pg_repo.go:191.3,198.23 3 1
assignerPR/pkg/pullrequest/pull_request_pg_repo.go:198.23,200.4 1 1
assignerPR/pkg/pullrequest/pull_request_pg_repo.go:202.3,206.40 1 1
assignerPR/pkg/pullrequest/pull_request_pg_repo.go:206.40,207.97 1 1
assignerPR/pkg/pullrequest/pull_request_pg_repo.go:207.97,210.5 2 1
assignerPR/pkg/pullrequest/pull_request_pg_repo.go:211.4,212.14 2 0
assignerPR/pkg/pullrequest/pull_request_pg_repo.go:215.3,216.42 2 1
assignerPR/pkg/pullrequest/pull_request_pg_repo.go:216.42,217.38 1 1
assignerPR/pkg/pullrequest/pull_request_pg_repo.go:217.38,219.5 1 1
assignerPR/pkg/pullrequest/pull_request_pg_repo.go:221.3,223.94 2 1
assignerPR/pkg/pullrequest/pull_request_pg_repo.go:223.94,226.4 2 0
assignerPR/pkg/pullrequest/pull_request_pg_repo.go:228.3,228.54 1 1
assignerPR/pkg/pullrequest/pull_request_pg_repo.go:228.54,231.4 2 0
assignerPR/pkg/pullrequest/pull_request_pg_repo.go:233.3,237.13 4 1
assignerPR/pkg/pullrequest/pull_request_pg_repo.go:240.2,240.16 1 1
assignerPR/pkg/pullrequest/pull_request_pg_repo.go:240.16,243.3 2 1
assignerPR/pkg/pullrequest/pull_request_pg_repo.go:245.2,246.35 2 1
assignerPR/pkg/pullrequest/pull_request_pg_repo.go:249.96,254.60 2 1
assignerPR/pkg/pullrequest/pull_request_pg_repo.go:254.60,256.4 1 1
assignerPR/pkg/pullrequest/pull_request_pg_repo.go:257.60,258.45 1 1
assignerPR/pkg/pullrequest/pull_request_pg_repo.go:258.45,261.4 2 1
assignerPR/pkg/pullrequest/pull_request_pg_repo.go:263.3,264.13 2 0
assignerPR/pkg/pullrequest/pull_request_pg_repo.go:267.2,268.12 2 1
assignerPR/pkg/pullrequest/pull_request_pg_repo.go:271.91,275.60 2 1
assignerPR/pkg/pullrequest/pull_request_pg_repo.go:275.60,277.4 1 1
assignerPR/pkg/pullrequest/pull_request_pg_repo.go:281.90,284.18 2 1
assignerPR/pkg/pullrequest/pull_request_pg_repo.go:284.18,287.3 2 0
assignerPR/pkg/pullrequest/pull_request_pg_repo.go:289.2,291.53 2 1
assignerPR/pkg/pullrequest/pull_request_pg_repo.go:291.53,295.53 2 1
assignerPR/pkg/pullrequest/pull_request_pg_repo.go:295.53,298.4 2 0
assignerPR/pkg/pullrequest/pull_request_pg_repo.go:299.3,299.20 1 1
assignerPR/pkg/pullrequest/pull_request_pg_repo.go:299.20,303.4 3 1
assignerPR/pkg/pullrequest/pull_request_pg_repo.go:305.3,306.26 2 1
assignerPR/pkg/pullrequest/pull_request_pg_repo.go:306.26,308.4 1 1
assignerPR/pkg/pullrequest/pull_request_pg_repo.go:309.3,314.34 3 1
assignerPR/pkg/pullrequest/pull_request_pg_repo.go:314.34,317.4 2 0
assignerPR/pkg/pullrequest/pull_request_pg_repo.go:319.3,319.46 1 1
assignerPR/pkg/pullrequest/pull_request_pg_repo.go:319.46,323.4 3 1
assignerPR/pkg/pullrequest/pull_request_pg_repo.go:325.3,326.13 2 1
assignerPR/pkg/pullrequest/pull_request_pg_repo.go:329.2,329.16 1 1
assignerPR/pkg/pullrequest/pull_request_pg_repo.go:329.16,332.3 2 0
assignerPR/pkg/pullrequest/pull_request_pg_repo.go:334.2,335.21 2 1
assignerPR/pkg/pullrequest/pull_request_pg_repo.go:338.87,351.16 4 1
assignerPR/pkg/pullrequest/pull_request_pg_repo.go:351.16,354.3 2 1
assignerPR/pkg/pullrequest/pull_request_pg_repo.go:365.2,366.21 2 1
assignerPR/pkg/pullrequest/utils.go:7.77,8.37 1 1
assignerPR/pkg/pullrequest/utils.go:8.37,9.32 1 1
assignerPR/pkg/pullrequest/utils.go:9.32,11.4 1 1
assignerPR/pkg/pullrequest/utils.go:13.2,13.19 1 0
assignerPR/pkg/pullrequest/utils.go:16.68,17.30 1 1
assignerPR/pkg/pullrequest/utils.go:17.30,19.3 1 1
assignerPR/pkg/pullrequest/utils.go:20.2,20.17 1 0
