mode: set
assignerPR/pkg/team/team_pg_repo.go:18.74,23.2 1 1
assignerPR/pkg/team/team_pg_repo.go:25.91,29.53 3 1
assignerPR/pkg/team/team_pg_repo.go:29.53,33.48 2 1
assignerPR/pkg/team/team_pg_repo.go:33.48,35.96 1 1
assignerPR/pkg/team/team_pg_repo.go:35.96,38.5 2 1
assignerPR/pkg/team/team_pg_repo.go:39.4,40.14 2 1
assignerPR/pkg/team/team_pg_repo.go:43.3,43.23 1 1
assignerPR/pkg/team/team_pg_repo.go:43.23,45.30 2 1
assignerPR/pkg/team/team_pg_repo.go:45.30,49.5 3 1
assignerPR/pkg/team/team_pg_repo.go:51.4,54.44 1 1
assignerPR/pkg/team/team_pg_repo.go:54.44,57.5 2 0
assignerPR/pkg/team/team_pg_repo.go:60.3,61.77 2 1
assignerPR/pkg/team/team_pg_repo.go:64.2,64.16 1 1
assignerPR/pkg/team/team_pg_repo.go:64.16,67.3 2 1
assignerPR/pkg/team/team_pg_repo.go:69.2,70.19 2 1
assignerPR/pkg/team/team_pg_repo.go:73.66,79.61 3 1
assignerPR/pkg/team/team_pg_repo.go:79.61,82.3 2 1
assignerPR/pkg/team/team_pg_repo.go:84.2,85.19 2 1
